<?xml version="1.0" encoding="UTF-8"?>
<!-- Generated by org.testng.reporters.JUnitReportReporter -->
<testsuite skipped="0" hostname="DESKTOP-C6SCVB2" name="testapk.testcases" tests="4" failures="0" timestamp="2019-11-29T18:24:34 PKT" time="65.610" errors="0">
  <testcase name="tc1" time="17.018" classname="testapk.testcases"/>
  <testcase name="tc2" time="18.055" classname="testapk.testcases"/>
  <testcase name="tc3" time="15.083" classname="testapk.testcases"/>
  <testcase name="tc4" time="15.454" classname="testapk.testcases"/>
</testsuite> <!-- testapk.testcases -->
