<?xml version="1.0" encoding="UTF-8"?>
<!-- Generated by org.testng.reporters.JUnitReportReporter -->
<testsuite skipped="0" hostname="DESKTOP-C6SCVB2" name="testapk.Testcases" tests="3" failures="0" timestamp="2019-12-06T17:47:10 PKT" time="39.049" errors="0">
  <testcase name="tc1" time="14.240" classname="testapk.Testcases"/>
  <testcase name="tc3" time="11.751" classname="testapk.Testcases"/>
  <testcase name="tc4" time="13.058" classname="testapk.Testcases"/>
</testsuite> <!-- testapk.Testcases -->
