<?xml version="1.0" encoding="UTF-8"?>
<!-- Generated by org.testng.reporters.JUnitReportReporter -->
<testsuite skipped="0" hostname="DESKTOP-C6SCVB2" name="testapk.Testcases" tests="3" failures="0" timestamp="2019-12-06T16:55:42 PKT" time="38.799" errors="0">
  <testcase name="tc1" time="13.537" classname="testapk.Testcases"/>
  <testcase name="tc3" time="12.018" classname="testapk.Testcases"/>
  <testcase name="tc4" time="13.244" classname="testapk.Testcases"/>
</testsuite> <!-- testapk.Testcases -->
