<?xml version="1.0" encoding="UTF-8"?>
<!-- Generated by org.testng.reporters.JUnitReportReporter -->
<testsuite skipped="0" hostname="DESKTOP-C6SCVB2" name="testapk.testcases" tests="5" failures="0" timestamp="2019-12-02T15:37:42 PKT" time="71.566" errors="0">
  <testcase name="tc1" time="14.846" classname="testapk.testcases"/>
  <testcase name="tc2" time="16.160" classname="testapk.testcases"/>
  <testcase name="tc3" time="13.614" classname="testapk.testcases"/>
  <testcase name="tc4" time="15.234" classname="testapk.testcases"/>
  <testcase name="tc5" time="11.712" classname="testapk.testcases"/>
</testsuite> <!-- testapk.testcases -->
