<?xml version="1.0" encoding="UTF-8"?>
<!-- Generated by org.testng.reporters.JUnitReportReporter -->
<testsuite skipped="0" hostname="DESKTOP-C6SCVB2" name="testapk.testcases" tests="3" failures="0" timestamp="2019-12-06T10:15:08 PKT" time="38.358" errors="0">
  <testcase name="tc1" time="12.936" classname="testapk.testcases"/>
  <testcase name="tc3" time="12.271" classname="testapk.testcases"/>
  <testcase name="tc4" time="13.151" classname="testapk.testcases"/>
</testsuite> <!-- testapk.testcases -->
